[INFO]: Running file ~/main/app.py:
[ERROR]: Error in main process
Traceback (most recent call last):
  File "app.py", line 72, in <module>
    getInfo()
  File "app.py", line 33, in getInfo
    if (inp.len() < 3 or inp.len() > 5):
AttributeError: 'list' object has no attribute 'len'
[INFO]: Running file ~/main/app.py:
[INFO]: Running file ~/main/app.py:
[ERROR]: Could not parse input
Traceback (most recent call last):
  File "app.py", line 52, in getInfo
    url = str(url[0])
UnboundLocalError: local variable 'url' referenced before assignment
[INFO]: Running file ~/main/app.py:
[ERROR]: Could not parse input
Traceback (most recent call last):
  File "app.py", line 35, in getInfo
    url = str(url[0])
UnboundLocalError: local variable 'url' referenced before assignment
[INFO]: Running file ~/main/app.py:
[INFO]: Running file ~/main/app.py:
[INFO]: Running file ~/main/app.py:
[INFO]: Running file ~/main/app.py:
[INFO]: app.py started:
[INFO]: getInfo started...
[INFO]: Audio mediatype selected...
[DEBUG]: getAudio started:
[ERROR]: Error in main process
Traceback (most recent call last):
  File "app.py", line 65, in getAudio
    jsonfile = open('./JSON/%s.json' % medianame, 'w')
FileNotFoundError: [Errno 2] No such file or directory: './JSON/sdfa.json'

During handling of the above exception, another exception occurred:

Traceback (most recent call last):
  File "app.py", line 83, in getInfo
    getAudio()
  File "app.py", line 71, in getAudio
    log.Exception('Error in getYoutube:')
AttributeError: 'Logger' object has no attribute 'Exception'

During handling of the above exception, another exception occurred:

Traceback (most recent call last):
  File "app.py", line 104, in <module>
    getInfo()
  File "app.py", line 97, in getInfo
    log.Exception('getInfo error:')
AttributeError: 'Logger' object has no attribute 'Exception'
[INFO]: Running file ~/main/app.py:
[INFO]: app.py started:
[INFO]: getInfo started...
[INFO]: Audio mediatype selected...
[DEBUG]: getAudio started:
[ERROR]: getInfo error:
Traceback (most recent call last):
  File "app.py", line 65, in getAudio
    jsonfile = open('./JSON/%s.json' % medianame, 'w')
FileNotFoundError: [Errno 2] No such file or directory: './JSON/fdafad.json'

During handling of the above exception, another exception occurred:

Traceback (most recent call last):
  File "app.py", line 83, in getInfo
    getAudio()
  File "app.py", line 71, in getAudio
    log.Exception('Error in getYoutube:')
AttributeError: 'Logger' object has no attribute 'Exception'
[INFO]: getInfo started...
[INFO]: Running file ~/main/app.py:
[INFO]: app.py started:
[INFO]: getInfo started...
[INFO]: %s is not a valid media type...
[INFO]: getInfo started...
[INFO]: Audio mediatype selected...
[DEBUG]: getAudio started:
[ERROR]: Error in getYoutube:
Traceback (most recent call last):
  File "app.py", line 65, in getAudio
    jsonfile = open('./JSON/%s.json' % medianame, 'w')
FileNotFoundError: [Errno 2] No such file or directory: './JSON/fdafda.json'
[INFO]: Running file ~/main/app.py:
[INFO]: app.py started:
[INFO]: getInfo started...
[INFO]: Audio mediatype selected...
[DEBUG]: getAudio started:
[ERROR]: Error in getYoutube:
Traceback (most recent call last):
  File "app.py", line 65, in getAudio
    jsonfile = open('./JSON/%s.json' % medianame, 'w+')
FileNotFoundError: [Errno 2] No such file or directory: './JSON/fadff.json'
[INFO]: Running file ~/main/app.py:
[INFO]: app.py started:
[INFO]: getInfo started...
[INFO]: Audio mediatype selected...
[DEBUG]: getAudio started:
[ERROR]: Error in getYoutube:
Traceback (most recent call last):
  File "app.py", line 67, in getAudio
    xml = requests.get(link).text
  File "/usr/local/lib/python3.5/dist-packages/requests/api.py", line 75, in get
    return request('get', url, params=params, **kwargs)
  File "/usr/local/lib/python3.5/dist-packages/requests/api.py", line 60, in request
    return session.request(method=method, url=url, **kwargs)
  File "/usr/local/lib/python3.5/dist-packages/requests/sessions.py", line 519, in request
    prep = self.prepare_request(req)
  File "/usr/local/lib/python3.5/dist-packages/requests/sessions.py", line 462, in prepare_request
    hooks=merge_hooks(request.hooks, self.hooks),
  File "/usr/local/lib/python3.5/dist-packages/requests/models.py", line 313, in prepare
    self.prepare_url(url, params)
  File "/usr/local/lib/python3.5/dist-packages/requests/models.py", line 387, in prepare_url
    raise MissingSchema(error)
requests.exceptions.MissingSchema: Invalid URL 'fdd': No schema supplied. Perhaps you meant http://fdd?
[INFO]: Running file ~/main/app.py:
[INFO]: app.py started:
[INFO]: getInfo started...
[INFO]: Audio mediatype selected...
[DEBUG]: getAudio started:
[WARNING]: http://traffic.libsyn.com/h3h3roost/H3_Podcast_105_Logic_-_AUDIO_REEXPORT.mp3?dest-id=556650 is not an audio file, and will be skipped...
[WARNING]: http://traffic.libsyn.com/h3h3roost/H3_Podcast_104_-_Shane_Dawson_vs_Chuck_E_Cheese_Lies_-_AUDIO_-_10_February_2019_-_11-09-46_AM.mp3?dest-id=556650 is not an audio file, and will be skipped...
[WARNING]: http://traffic.libsyn.com/h3h3roost/H3_Podcast_Chris_Delia_AUDIO.mp3?dest-id=556650 is not an audio file, and will be skipped...
[WARNING]: http://traffic.libsyn.com/h3h3roost/H3_Podcast_-_TotW_A_Lot_Happened_While_We_Were_Gone_-_07_December_2018_-_09-48-23_AM.mp3?dest-id=556650 is not an audio file, and will be skipped...
[WARNING]: http://traffic.libsyn.com/h3h3roost/H3_Podcast_101_-_Vsauce_AUDIO_07_December_2018_-_09-48-23_AM.mp3?dest-id=556650 is not an audio file, and will be skipped...
[WARNING]: http://traffic.libsyn.com/h3h3roost/H3_Podcast_-_100_The_End_of_an_Era_-_07_December_2018_-_09-48-23_AM.mp3?dest-id=556650 is not an audio file, and will be skipped...
[WARNING]: http://traffic.libsyn.com/h3h3roost/H3_Podcast_-_99_Justin_Roiland_and_Alex_Hirsch_Annual_Charity_Special_-_AUDIO_18_December_2018.mp3?dest-id=556650 is not an audio file, and will be skipped...
[WARNING]: http://traffic.libsyn.com/h3h3roost/H3_Podcast_-_98_Jack_and_Erik_-_AUDIO_14_December_2018_-_03-00-16_PM.mp3?dest-id=556650 is not an audio file, and will be skipped...
[WARNING]: http://traffic.libsyn.com/h3h3roost/H3_Podcast_97_-_Jack_Black_and_Kyle_Gass_AUDIO_export_-_07_December_2018_-_09-48-23_AM.mp3?dest-id=556650 is not an audio file, and will be skipped...
[WARNING]: http://traffic.libsyn.com/h3h3roost/H3_Podcast_-_96_Bill_Wurtz_AUDIO_30_November_2018_-_03-00-16_PM.mp3?dest-id=556650 is not an audio file, and will be skipped...
[WARNING]: http://traffic.libsyn.com/h3h3roost/H3_Podcast_95_-__TotW_Black_Friday_and_Age_Change_-__02_November_2018_-_02-57-01_PM.mp3?dest-id=556650 is not an audio file, and will be skipped...
[WARNING]: http://traffic.libsyn.com/h3h3roost/H3_Podcast_94_-_No_Meme_Left_Behind_-_02_November_2018_-_02-57-01_PM.mp3?dest-id=556650 is not an audio file, and will be skipped...
[WARNING]: http://traffic.libsyn.com/h3h3roost/H3_Podcast_93_-_Why_Does_Everyone_Hate_H3H3_AUDIO_-_02_November_2018_-_02-57-01_PM.mp3?dest-id=556650 is not an audio file, and will be skipped...
[WARNING]: http://traffic.libsyn.com/h3h3roost/H3_Podcast_92_-_Tom_Segura_and_Christina_P__AUDIO_-_02_November_2018_-_02-57-01_PM.mp3?dest-id=556650 is not an audio file, and will be skipped...
[WARNING]: http://traffic.libsyn.com/h3h3roost/H3_Podcast_-_TotW_Media_Slams_Post_Malone_-_02_November_2018_-_02-57-01_PM.mp3?dest-id=556650 is not an audio file, and will be skipped...
[WARNING]: http://traffic.libsyn.com/h3h3roost/H3_Podcast_-_Celebrity_ASMR_and_Elon_Is_A_Weeb_TotW_AUDIO_-_05_October_2018_-_02-55-49_PM.mp3?dest-id=556650 is not an audio file, and will be skipped...
[WARNING]: http://traffic.libsyn.com/h3h3roost/H3_Podcast_-_Ep_89_Enter_The_Gazebo_Zone_-_05_October_2018_-_02-55-49_PM.mp3?dest-id=556650 is not an audio file, and will be skipped...
[WARNING]: http://traffic.libsyn.com/h3h3roost/H3_Podcast_-_TotW_Is_La_Croix_Poison_-_05_October_2018_-_02-55-49_PM.mp3?dest-id=556650 is not an audio file, and will be skipped...
[WARNING]: http://traffic.libsyn.com/h3h3roost/H3_Podcast_-_TotW_Shane_and_Logan_and_Kanye_vs_The_World_AUDIO_-_05_October_2018_-_02-55-49_PM.mp3?dest-id=556650 is not an audio file, and will be skipped...
[WARNING]: http://traffic.libsyn.com/h3h3roost/H3_Podcast_-_TotW_Shane_vs_Jake_and_Drake_and_Bobby_-_AUDIO_-_28_September_2018_-_02-43-43_PM.mp3?dest-id=556650 is not an audio file, and will be skipped...
[WARNING]: http://traffic.libsyn.com/h3h3roost/H3_Podcast_-_TotW_Greg_Paul_and_Post_Malone_-_AUDIO_-_11_September_2018_-_02-55-34_PM.mp3?dest-id=556650 is not an audio file, and will be skipped...
[WARNING]: http://traffic.libsyn.com/h3h3roost/H3_Podcast_-_Bill_Burr_AUDIO_-_11_September_2018_-_02-55-34_PM.mp3?dest-id=556650 is not an audio file, and will be skipped...
[WARNING]: http://traffic.libsyn.com/h3h3roost/H3_Podcast_-_TotW_Meme_Royale_and_PewDiePie_vs_T-Series_-_04_September_2018_-_03-00-17_PM.mp3?dest-id=556650 is not an audio file, and will be skipped...
[WARNING]: http://traffic.libsyn.com/h3h3roost/H3_Podcast_-_Tim_Heidecker_-_AUDIO_-_31_August_2018_-_02-55-08_PM.mp3?dest-id=556650 is not an audio file, and will be skipped...
[WARNING]: http://traffic.libsyn.com/h3h3roost/H3_Podcast_-_Logan_vs_KSI_AUDIO_8-28-18.mp3?dest-id=556650 is not an audio file, and will be skipped...
[WARNING]: http://traffic.libsyn.com/h3h3roost/H3_Podcast_-_Bert_Kreischer_-_AUDIO_-_21_August_2018_-_03-04-20_PM.mp3?dest-id=556650 is not an audio file, and will be skipped...
[WARNING]: http://traffic.libsyn.com/h3h3roost/H3_Podcast_-_TotW_Post_Malone_Airplane_-_21_August_2018_-_03-04-20_PM.mp3?dest-id=556650 is not an audio file, and will be skipped...
[WARNING]: http://traffic.libsyn.com/h3h3roost/H3_Podcast_-_Jacksepticeye_-_17_August_2018_-_03-08-27_PM.mp3?dest-id=556650 is not an audio file, and will be skipped...
[WARNING]: http://traffic.libsyn.com/h3h3roost/H3_Podcast_-_Alex_Jones_AUDIO_-_10_August_2018_-_04-59-21_PM.mp3?dest-id=556650 is not an audio file, and will be skipped...
[WARNING]: http://traffic.libsyn.com/h3h3roost/H3_Podcast_-_Dunkey_And_Leah_2_-_AUDIO_-_27_July_2018_-_02-54-38_PM.mp3?dest-id=556650 is not an audio file, and will be skipped...
[WARNING]: http://traffic.libsyn.com/h3h3roost/H3_Podcast_TotW_Roseanne_and_Logan_Paul_AUDIO_-_27_July_2018_-_02-54-38_PM.mp3?dest-id=556650 is not an audio file, and will be skipped...
[WARNING]: http://traffic.libsyn.com/h3h3roost/H3_Podcast_TotW_-_FouseyTube_-_13_July_2018_-_02-46-13_PM.mp3?dest-id=556650 is not an audio file, and will be skipped...
[WARNING]: http://traffic.libsyn.com/h3h3roost/H3_Podcast_-_Bo_Burnham_AUDIO_-_13_July_2018_-_02-46-13_PM.mp3?dest-id=556650 is not an audio file, and will be skipped...
[WARNING]: http://traffic.libsyn.com/h3h3roost/H3_Podcast_TotW_TanaCon_Con_-_AUDIO_-_29_June_2018_-_02-57-59_PM.mp3?dest-id=556650 is not an audio file, and will be skipped...
[WARNING]: http://traffic.libsyn.com/h3h3roost/H3_Podcast_Chris_DElia_-_AUDIO_-_29_June_2018_-_02-57-59_PM.mp3?dest-id=556650 is not an audio file, and will be skipped...
[WARNING]: http://traffic.libsyn.com/h3h3roost/H3_Podcast_-_Boogie2988_AUDIO-_19_June_2018_-_02-56-26_PM.mp3?dest-id=556650 is not an audio file, and will be skipped...
[WARNING]: http://traffic.libsyn.com/h3h3roost/H3_Podcast_-_Tom_Segura_AUDIO_-_15_June_2018_-_02-51-35_PM.mp3?dest-id=556650 is not an audio file, and will be skipped...
[WARNING]: http://traffic.libsyn.com/h3h3roost/H3_Podcast_-_TotW_-_08_June_2018_-_02-57-48_PM_1.mp3?dest-id=556650 is not an audio file, and will be skipped...
[WARNING]: http://traffic.libsyn.com/h3h3roost/H3_Podcast_-_TOTW_-_01_June_2018_-_02-52-23_PM_1.mp3?dest-id=556650 is not an audio file, and will be skipped...
[WARNING]: http://traffic.libsyn.com/h3h3roost/H3_Podcast_-_30_year_old_mall_ninja_AUDIO_-_18_May_2018_-_02-55-55_PM.mp3?dest-id=556650 is not an audio file, and will be skipped...
[WARNING]: http://traffic.libsyn.com/h3h3roost/H3_Podcast_TotW_-_AUDIO_-_18_May_2018_-_02-55-55_PM.mp3?dest-id=556650 is not an audio file, and will be skipped...
[WARNING]: http://traffic.libsyn.com/h3h3roost/H3_Podcast_-_Jack_and_Erik_AUDIO_-_04_May_2018_-_05-16-19_PM.mp3?dest-id=556650 is not an audio file, and will be skipped...
[WARNING]: http://traffic.libsyn.com/h3h3roost/H3_Podcast_-_Ninja_AUDIO_-_23_April_2018_-_01-32-19_PM.mp3?dest-id=556650 is not an audio file, and will be skipped...
[WARNING]: http://traffic.libsyn.com/h3h3roost/H3_Podcast_-_TotW_420_Edition_-_20_April_2018_-_02-53-41_PM.mp3?dest-id=556650 is not an audio file, and will be skipped...
[WARNING]: http://traffic.libsyn.com/h3h3roost/H3_Podcast_-_Harley_Morenstein_AUDIO_-_13_April_2018_-_02-16-24_PM.mp3?dest-id=556650 is not an audio file, and will be skipped...
[WARNING]: http://traffic.libsyn.com/h3h3roost/H3_Podcast_-_Bobby_Lee_AUDIO_-_06_April_2018_-_02-07-33_PM.mp3?dest-id=556650 is not an audio file, and will be skipped...
[WARNING]: http://traffic.libsyn.com/h3h3roost/H3_Podcast_-_Deadmau5_AUDIO_-_29_March_2018_-_02-46-02_PM.mp3?dest-id=556650 is not an audio file, and will be skipped...
[WARNING]: http://traffic.libsyn.com/h3h3roost/H3_Podcast_-_Sean_Evans_AUDIO_-_24_March_2018_-_02-59-00_PM_1.mp3?dest-id=556650 is not an audio file, and will be skipped...
[WARNING]: http://traffic.libsyn.com/h3h3roost/H3_Podcast_-_Bob_Saget_AUDIO_-_16_March_2018_-_02-50-55_PM.mp3?dest-id=556650 is not an audio file, and will be skipped...
[WARNING]: http://traffic.libsyn.com/h3h3roost/H3_Podcat_Live_At_The_Improv_AUDIO.mp3?dest-id=556650 is not an audio file, and will be skipped...
[WARNING]: http://traffic.libsyn.com/h3h3roost/H3_Podcast_-_Chris_and_Dillon_AUDIO_12_March_2018_-_02-50-39_PM.mp3?dest-id=556650 is not an audio file, and will be skipped...
[WARNING]: http://traffic.libsyn.com/h3h3roost/H3_Podcast_-_Vsauce3_Jake_Roper_ADUIO_-_09_March_2018_-_02-29-34_PM.mp3?dest-id=556650 is not an audio file, and will be skipped...
[WARNING]: http://traffic.libsyn.com/h3h3roost/H3_Podcast_-_Top_Of_The_Week_With_Ian_Hecox_-_02_March_2018_-_03-02-05_PM.mp3?dest-id=556650 is not an audio file, and will be skipped...
[WARNING]: http://traffic.libsyn.com/h3h3roost/H3_Podcast_-_Shane_Dawson_AUDIO_-_23_February_2018_-_03-28-58_PM.mp3?dest-id=556650 is not an audio file, and will be skipped...
[WARNING]: http://traffic.libsyn.com/h3h3roost/H3_Podcast_-_Rhett_and_Link_AUDIO_-_15_February_2018_-_06-52-09_PM.mp3?dest-id=556650 is not an audio file, and will be skipped...
[WARNING]: http://traffic.libsyn.com/h3h3roost/H3_Podcast_-_Top_Of_The_Week_-_AUDIO_-_09_February_2018_-_02-49-54_PM.mp3?dest-id=556650 is not an audio file, and will be skipped...
[WARNING]: http://traffic.libsyn.com/h3h3roost/H3_Podcast_with_Captain_Disillusion_AUDIO_-_09_February_2018_-_02-49-54_PM.mp3?dest-id=556650 is not an audio file, and will be skipped...
[WARNING]: http://traffic.libsyn.com/h3h3roost/H3_Podcast_Jordan_Peterson_Number_2_AUDIO_01_February_2018_-_02-48-54_PM.mp3?dest-id=556650 is not an audio file, and will be skipped...
[WARNING]: http://traffic.libsyn.com/h3h3roost/H3_Podcast_-_Marques_Brownlee_AUDIO_-_24_January_2018_-_06-52-06_PM.mp3?dest-id=556650 is not an audio file, and will be skipped...
[WARNING]: http://traffic.libsyn.com/h3h3roost/H3_Podcast_Jacksfilms_and_Erik_ICE_AUDIO__-_19_January_2018_-_02-51-46_PM.mp3?dest-id=556650 is not an audio file, and will be skipped...
[WARNING]: http://traffic.libsyn.com/h3h3roost/H3_Podcast_Jake_and_Logan_Paul_Merch_AUDIO_29_December_2017_-_02-54-44_PM.mp3?dest-id=556650 is not an audio file, and will be skipped...
[WARNING]: http://traffic.libsyn.com/h3h3roost/H3_Podcast_PLAYERUNKNOWN_AUDIO_-_20_December_2017_-_02-35-59_PM.mp3?dest-id=556650 is not an audio file, and will be skipped...
[WARNING]: http://traffic.libsyn.com/h3h3roost/H3_Podcast_Vsauce_AUDIO_-_15_December_2017_-_02-54-30_PM.mp3?dest-id=556650 is not an audio file, and will be skipped...
[WARNING]: http://traffic.libsyn.com/h3h3roost/H3_Podcast_Philip_DeFranco_2_AUDIO_-_08_December_2017_-_02-50-24_PM.mp3?dest-id=556650 is not an audio file, and will be skipped...
[WARNING]: http://traffic.libsyn.com/h3h3roost/H3_Podcast_JonTron_AUDIO_-_29_November_2017_-_03-10-50_PM.mp3?dest-id=556650 is not an audio file, and will be skipped...
[WARNING]: http://traffic.libsyn.com/h3h3roost/H3_Podcast_Black_Friday_AUDIO_-_24_November_2017_-_02-49-55_PM.mp3?dest-id=556650 is not an audio file, and will be skipped...
[WARNING]: http://traffic.libsyn.com/h3h3roost/H3_Podcast_-_Top_of_the_Month_with_Post_Malone_AUDIO_-_17_November_2017_-_02-59-54_PM.mp3?dest-id=556650 is not an audio file, and will be skipped...
[WARNING]: http://traffic.libsyn.com/h3h3roost/H3_Podcast_-_Hila_Klein_AUDIO_-_10_November_2017_-_03-01-41_PM.mp3?dest-id=556650 is not an audio file, and will be skipped...
[WARNING]: http://traffic.libsyn.com/h3h3roost/H3_Podcast_Jordan_Peterson_AUDIO_ONLY_-_02_November_2017_-_02-53-00_PM.mp3?dest-id=556650 is not an audio file, and will be skipped...
[WARNING]: http://traffic.libsyn.com/h3h3roost/H3_Podcast_Dr_Disrespect_AUDIO_-_27_October_2017_-_03-12-38_PM_1.mp3?dest-id=556650 is not an audio file, and will be skipped...
[WARNING]: http://traffic.libsyn.com/h3h3roost/H3_Podcast_-_TB_AUDIO_VERSION_20_October_2017_-_03-00-33_PM.mp3?dest-id=556650 is not an audio file, and will be skipped...
[WARNING]: http://traffic.libsyn.com/h3h3roost/H3_Podcast_Dunkey_and_Leah_AUDIO_10_October_2017_-_03-05-40_PM.mp3?dest-id=556650 is not an audio file, and will be skipped...
[WARNING]: http://traffic.libsyn.com/h3h3roost/Tai_Lopez_Audio_-_03_October_2017_-_02-53-34_PM.mp3?dest-id=556650 is not an audio file, and will be skipped...
[WARNING]: http://traffic.libsyn.com/h3h3roost/H3_Podcast_Bradberry_AUDIO_-_29_September_2017_-_02-59-24_PM.mp3?dest-id=556650 is not an audio file, and will be skipped...
[WARNING]: http://traffic.libsyn.com/h3h3roost/H3_Podcast_Top_Of_The_Week_and_Payday_AUDIO_-_26_September_2017_-_02-50-04_PM.mp3?dest-id=556650 is not an audio file, and will be skipped...
[WARNING]: http://traffic.libsyn.com/h3h3roost/H3_Podcast_AUDIO_Ethan_Solo_-_22_September_2017_-_02-40-44_PM.mp3?dest-id=556650 is not an audio file, and will be skipped...
[WARNING]: http://traffic.libsyn.com/h3h3roost/Jack_and_Erik_Audio_-_15_September_2017_-_02-49-41_PM_1.mp3?dest-id=556650 is not an audio file, and will be skipped...
[WARNING]: http://traffic.libsyn.com/h3h3roost/PewDiePie_Drops_The_N_Bomb_AUDIO_EXPORT_-_12_September_2017_-_02-49-07_PM_1.mp3?dest-id=556650 is not an audio file, and will be skipped...
[WARNING]: http://traffic.libsyn.com/h3h3roost/H3_Podcast_Audio_Export-_08_September_2017_-_02-35-07_PM_1.mp3?dest-id=556650 is not an audio file, and will be skipped...
[WARNING]: http://traffic.libsyn.com/h3h3roost/H3_Podcast_-_Charity_Fundraiser_-_05_September_2017_-_02-39-14_PM.mp3?dest-id=556650 is not an audio file, and will be skipped...
[WARNING]: http://traffic.libsyn.com/h3h3roost/H3_PODCAST_AUDIO_EXPORT_9-1-17_v3.mp3?dest-id=556650 is not an audio file, and will be skipped...
[WARNING]: http://traffic.libsyn.com/h3h3roost/H3_PODCAST_AUDIO_EXPORT_8-24-17.mp3?dest-id=556650 is not an audio file, and will be skipped...
[WARNING]: http://traffic.libsyn.com/h3h3roost/PODCAST_AUDIO_8-22-17.mp3?dest-id=556650 is not an audio file, and will be skipped...
[WARNING]: http://traffic.libsyn.com/h3h3roost/H3_Podcast_-_Jake_Paul_and_Chris_Wolfe_-_8_18_17.mp3?dest-id=556650 is not an audio file, and will be skipped...
[WARNING]: http://traffic.libsyn.com/h3h3roost/H3_Podcast_AUDIO_EXPORT_-_16_August_2017_-_11-26-26_AM_1.mp3?dest-id=556650 is not an audio file, and will be skipped...
[WARNING]: http://traffic.libsyn.com/h3h3roost/Jimmie_Lee_-_AUDIO_EXPORT.mp3?dest-id=556650 is not an audio file, and will be skipped...
[WARNING]: http://traffic.libsyn.com/h3h3roost/Jesse_Welens_Podcast_Audio.mp3?dest-id=556650 is not an audio file, and will be skipped...
[WARNING]: http://traffic.libsyn.com/h3h3roost/HughMungus_final_audio.mp3?dest-id=556650 is not an audio file, and will be skipped...
[WARNING]: http://traffic.libsyn.com/h3h3roost/COMMENT_AND_JACKSFILMS_-_21_July_2017_-_02-35-34_PM.mp3?dest-id=556650 is not an audio file, and will be skipped...
[WARNING]: http://traffic.libsyn.com/h3h3roost/Net_Neutrality_-_14_July_2017_AUDIO_PODCAST.mp3?dest-id=556650 is not an audio file, and will be skipped...
[WARNING]: http://traffic.libsyn.com/h3h3roost/top_of_the_month_audio_only.mp3?dest-id=556650 is not an audio file, and will be skipped...
[WARNING]: http://traffic.libsyn.com/h3h3roost/SOFLO_-_audio_only.mp3?dest-id=556650 is not an audio file, and will be skipped...
[WARNING]: http://traffic.libsyn.com/h3h3roost/Boogie_H3H3_Podcast_audio_only_smaller_size.mp3?dest-id=556650 is not an audio file, and will be skipped...
[WARNING]: http://traffic.libsyn.com/h3h3roost/STEVEO_-_audio_only_export.mp3?dest-id=556650 is not an audio file, and will be skipped...
[WARNING]: http://traffic.libsyn.com/h3h3roost/The_Fam_-_audio_export.mp3?dest-id=556650 is not an audio file, and will be skipped...
[WARNING]: http://traffic.libsyn.com/h3h3roost/top_of_the_month_FINAL_reEXPORT.mp3?dest-id=556650 is not an audio file, and will be skipped...
[WARNING]: http://traffic.libsyn.com/h3h3roost/joey_salads_full_ep.mp3?dest-id=556650 is not an audio file, and will be skipped...
[WARNING]: http://traffic.libsyn.com/h3h3roost/audio_mark_and_smosh.mp3?dest-id=556650 is not an audio file, and will be skipped...
[WARNING]: http://traffic.libsyn.com/h3h3roost/H3_Podcast_7_-_Post_Malone_Joji_audio_export.mp3?dest-id=556650 is not an audio file, and will be skipped...
[WARNING]: http://traffic.libsyn.com/h3h3roost/philip_defranco_audio_only.mp3?dest-id=556650 is not an audio file, and will be skipped...
[INFO]: Running file ~/main/app.py:
[INFO]: app.py started:
[INFO]: getInfo started...
[INFO]: Audio mediatype selected...
[DEBUG]: getAudio started:
[ERROR]: Error in getYoutube:
Traceback (most recent call last):
  File "app.py", line 65, in getAudio
    jsonfile = open('./json/%s.json' % medianame, 'w+')
FileNotFoundError: [Errno 2] No such file or directory: './json/http://h3h3roost.libsyn.com/rss.json'
[INFO]: Running file ~/main/app.py:
[INFO]: app.py started:
[INFO]: getInfo started...
[INFO]: Audio mediatype selected...
[DEBUG]: getAudio started:
[INFO]: http://traffic.libsyn.com/h3h3roost/H3_Podcast_105_Logic_-_AUDIO_REEXPORT.mp3?dest-id=556650 added to dict...
[INFO]: http://traffic.libsyn.com/h3h3roost/H3_Podcast_104_-_Shane_Dawson_vs_Chuck_E_Cheese_Lies_-_AUDIO_-_10_February_2019_-_11-09-46_AM.mp3?dest-id=556650 added to dict...
[INFO]: http://traffic.libsyn.com/h3h3roost/H3_Podcast_Chris_Delia_AUDIO.mp3?dest-id=556650 added to dict...
[INFO]: http://traffic.libsyn.com/h3h3roost/H3_Podcast_-_TotW_A_Lot_Happened_While_We_Were_Gone_-_07_December_2018_-_09-48-23_AM.mp3?dest-id=556650 added to dict...
[INFO]: http://traffic.libsyn.com/h3h3roost/H3_Podcast_101_-_Vsauce_AUDIO_07_December_2018_-_09-48-23_AM.mp3?dest-id=556650 added to dict...
[INFO]: http://traffic.libsyn.com/h3h3roost/H3_Podcast_-_100_The_End_of_an_Era_-_07_December_2018_-_09-48-23_AM.mp3?dest-id=556650 added to dict...
[INFO]: http://traffic.libsyn.com/h3h3roost/H3_Podcast_-_99_Justin_Roiland_and_Alex_Hirsch_Annual_Charity_Special_-_AUDIO_18_December_2018.mp3?dest-id=556650 added to dict...
[INFO]: http://traffic.libsyn.com/h3h3roost/H3_Podcast_-_98_Jack_and_Erik_-_AUDIO_14_December_2018_-_03-00-16_PM.mp3?dest-id=556650 added to dict...
[INFO]: http://traffic.libsyn.com/h3h3roost/H3_Podcast_97_-_Jack_Black_and_Kyle_Gass_AUDIO_export_-_07_December_2018_-_09-48-23_AM.mp3?dest-id=556650 added to dict...
[INFO]: http://traffic.libsyn.com/h3h3roost/H3_Podcast_-_96_Bill_Wurtz_AUDIO_30_November_2018_-_03-00-16_PM.mp3?dest-id=556650 added to dict...
[INFO]: http://traffic.libsyn.com/h3h3roost/H3_Podcast_95_-__TotW_Black_Friday_and_Age_Change_-__02_November_2018_-_02-57-01_PM.mp3?dest-id=556650 added to dict...
[INFO]: http://traffic.libsyn.com/h3h3roost/H3_Podcast_94_-_No_Meme_Left_Behind_-_02_November_2018_-_02-57-01_PM.mp3?dest-id=556650 added to dict...
[INFO]: http://traffic.libsyn.com/h3h3roost/H3_Podcast_93_-_Why_Does_Everyone_Hate_H3H3_AUDIO_-_02_November_2018_-_02-57-01_PM.mp3?dest-id=556650 added to dict...
[INFO]: http://traffic.libsyn.com/h3h3roost/H3_Podcast_92_-_Tom_Segura_and_Christina_P__AUDIO_-_02_November_2018_-_02-57-01_PM.mp3?dest-id=556650 added to dict...
[INFO]: http://traffic.libsyn.com/h3h3roost/H3_Podcast_-_TotW_Media_Slams_Post_Malone_-_02_November_2018_-_02-57-01_PM.mp3?dest-id=556650 added to dict...
[INFO]: http://traffic.libsyn.com/h3h3roost/H3_Podcast_-_Celebrity_ASMR_and_Elon_Is_A_Weeb_TotW_AUDIO_-_05_October_2018_-_02-55-49_PM.mp3?dest-id=556650 added to dict...
[INFO]: http://traffic.libsyn.com/h3h3roost/H3_Podcast_-_Ep_89_Enter_The_Gazebo_Zone_-_05_October_2018_-_02-55-49_PM.mp3?dest-id=556650 added to dict...
[INFO]: http://traffic.libsyn.com/h3h3roost/H3_Podcast_-_TotW_Is_La_Croix_Poison_-_05_October_2018_-_02-55-49_PM.mp3?dest-id=556650 added to dict...
[INFO]: http://traffic.libsyn.com/h3h3roost/H3_Podcast_-_TotW_Shane_and_Logan_and_Kanye_vs_The_World_AUDIO_-_05_October_2018_-_02-55-49_PM.mp3?dest-id=556650 added to dict...
[INFO]: http://traffic.libsyn.com/h3h3roost/H3_Podcast_-_TotW_Shane_vs_Jake_and_Drake_and_Bobby_-_AUDIO_-_28_September_2018_-_02-43-43_PM.mp3?dest-id=556650 added to dict...
[INFO]: http://traffic.libsyn.com/h3h3roost/H3_Podcast_-_TotW_Greg_Paul_and_Post_Malone_-_AUDIO_-_11_September_2018_-_02-55-34_PM.mp3?dest-id=556650 added to dict...
[INFO]: http://traffic.libsyn.com/h3h3roost/H3_Podcast_-_Bill_Burr_AUDIO_-_11_September_2018_-_02-55-34_PM.mp3?dest-id=556650 added to dict...
[INFO]: http://traffic.libsyn.com/h3h3roost/H3_Podcast_-_TotW_Meme_Royale_and_PewDiePie_vs_T-Series_-_04_September_2018_-_03-00-17_PM.mp3?dest-id=556650 added to dict...
[INFO]: http://traffic.libsyn.com/h3h3roost/H3_Podcast_-_Tim_Heidecker_-_AUDIO_-_31_August_2018_-_02-55-08_PM.mp3?dest-id=556650 added to dict...
[INFO]: http://traffic.libsyn.com/h3h3roost/H3_Podcast_-_Logan_vs_KSI_AUDIO_8-28-18.mp3?dest-id=556650 added to dict...
[INFO]: http://traffic.libsyn.com/h3h3roost/H3_Podcast_-_Bert_Kreischer_-_AUDIO_-_21_August_2018_-_03-04-20_PM.mp3?dest-id=556650 added to dict...
[INFO]: http://traffic.libsyn.com/h3h3roost/H3_Podcast_-_TotW_Post_Malone_Airplane_-_21_August_2018_-_03-04-20_PM.mp3?dest-id=556650 added to dict...
[INFO]: http://traffic.libsyn.com/h3h3roost/H3_Podcast_-_Jacksepticeye_-_17_August_2018_-_03-08-27_PM.mp3?dest-id=556650 added to dict...
[INFO]: http://traffic.libsyn.com/h3h3roost/H3_Podcast_-_Alex_Jones_AUDIO_-_10_August_2018_-_04-59-21_PM.mp3?dest-id=556650 added to dict...
[INFO]: http://traffic.libsyn.com/h3h3roost/H3_Podcast_-_Dunkey_And_Leah_2_-_AUDIO_-_27_July_2018_-_02-54-38_PM.mp3?dest-id=556650 added to dict...
[INFO]: http://traffic.libsyn.com/h3h3roost/H3_Podcast_TotW_Roseanne_and_Logan_Paul_AUDIO_-_27_July_2018_-_02-54-38_PM.mp3?dest-id=556650 added to dict...
[INFO]: http://traffic.libsyn.com/h3h3roost/H3_Podcast_TotW_-_FouseyTube_-_13_July_2018_-_02-46-13_PM.mp3?dest-id=556650 added to dict...
[INFO]: http://traffic.libsyn.com/h3h3roost/H3_Podcast_-_Bo_Burnham_AUDIO_-_13_July_2018_-_02-46-13_PM.mp3?dest-id=556650 added to dict...
[INFO]: http://traffic.libsyn.com/h3h3roost/H3_Podcast_TotW_TanaCon_Con_-_AUDIO_-_29_June_2018_-_02-57-59_PM.mp3?dest-id=556650 added to dict...
[INFO]: http://traffic.libsyn.com/h3h3roost/H3_Podcast_Chris_DElia_-_AUDIO_-_29_June_2018_-_02-57-59_PM.mp3?dest-id=556650 added to dict...
[INFO]: http://traffic.libsyn.com/h3h3roost/H3_Podcast_-_Boogie2988_AUDIO-_19_June_2018_-_02-56-26_PM.mp3?dest-id=556650 added to dict...
[INFO]: http://traffic.libsyn.com/h3h3roost/H3_Podcast_-_Tom_Segura_AUDIO_-_15_June_2018_-_02-51-35_PM.mp3?dest-id=556650 added to dict...
[INFO]: http://traffic.libsyn.com/h3h3roost/H3_Podcast_-_TotW_-_08_June_2018_-_02-57-48_PM_1.mp3?dest-id=556650 added to dict...
[INFO]: http://traffic.libsyn.com/h3h3roost/H3_Podcast_-_TOTW_-_01_June_2018_-_02-52-23_PM_1.mp3?dest-id=556650 added to dict...
[INFO]: http://traffic.libsyn.com/h3h3roost/H3_Podcast_-_30_year_old_mall_ninja_AUDIO_-_18_May_2018_-_02-55-55_PM.mp3?dest-id=556650 added to dict...
[INFO]: http://traffic.libsyn.com/h3h3roost/H3_Podcast_TotW_-_AUDIO_-_18_May_2018_-_02-55-55_PM.mp3?dest-id=556650 added to dict...
[INFO]: http://traffic.libsyn.com/h3h3roost/H3_Podcast_-_Jack_and_Erik_AUDIO_-_04_May_2018_-_05-16-19_PM.mp3?dest-id=556650 added to dict...
[INFO]: http://traffic.libsyn.com/h3h3roost/H3_Podcast_-_Ninja_AUDIO_-_23_April_2018_-_01-32-19_PM.mp3?dest-id=556650 added to dict...
[INFO]: http://traffic.libsyn.com/h3h3roost/H3_Podcast_-_TotW_420_Edition_-_20_April_2018_-_02-53-41_PM.mp3?dest-id=556650 added to dict...
[INFO]: http://traffic.libsyn.com/h3h3roost/H3_Podcast_-_Harley_Morenstein_AUDIO_-_13_April_2018_-_02-16-24_PM.mp3?dest-id=556650 added to dict...
[INFO]: http://traffic.libsyn.com/h3h3roost/H3_Podcast_-_Bobby_Lee_AUDIO_-_06_April_2018_-_02-07-33_PM.mp3?dest-id=556650 added to dict...
[INFO]: http://traffic.libsyn.com/h3h3roost/H3_Podcast_-_Deadmau5_AUDIO_-_29_March_2018_-_02-46-02_PM.mp3?dest-id=556650 added to dict...
[INFO]: http://traffic.libsyn.com/h3h3roost/H3_Podcast_-_Sean_Evans_AUDIO_-_24_March_2018_-_02-59-00_PM_1.mp3?dest-id=556650 added to dict...
[INFO]: http://traffic.libsyn.com/h3h3roost/H3_Podcast_-_Bob_Saget_AUDIO_-_16_March_2018_-_02-50-55_PM.mp3?dest-id=556650 added to dict...
[INFO]: http://traffic.libsyn.com/h3h3roost/H3_Podcat_Live_At_The_Improv_AUDIO.mp3?dest-id=556650 added to dict...
[INFO]: http://traffic.libsyn.com/h3h3roost/H3_Podcast_-_Chris_and_Dillon_AUDIO_12_March_2018_-_02-50-39_PM.mp3?dest-id=556650 added to dict...
[INFO]: http://traffic.libsyn.com/h3h3roost/H3_Podcast_-_Vsauce3_Jake_Roper_ADUIO_-_09_March_2018_-_02-29-34_PM.mp3?dest-id=556650 added to dict...
[INFO]: http://traffic.libsyn.com/h3h3roost/H3_Podcast_-_Top_Of_The_Week_With_Ian_Hecox_-_02_March_2018_-_03-02-05_PM.mp3?dest-id=556650 added to dict...
[INFO]: http://traffic.libsyn.com/h3h3roost/H3_Podcast_-_Shane_Dawson_AUDIO_-_23_February_2018_-_03-28-58_PM.mp3?dest-id=556650 added to dict...
[INFO]: http://traffic.libsyn.com/h3h3roost/H3_Podcast_-_Rhett_and_Link_AUDIO_-_15_February_2018_-_06-52-09_PM.mp3?dest-id=556650 added to dict...
[INFO]: http://traffic.libsyn.com/h3h3roost/H3_Podcast_-_Top_Of_The_Week_-_AUDIO_-_09_February_2018_-_02-49-54_PM.mp3?dest-id=556650 added to dict...
[INFO]: http://traffic.libsyn.com/h3h3roost/H3_Podcast_with_Captain_Disillusion_AUDIO_-_09_February_2018_-_02-49-54_PM.mp3?dest-id=556650 added to dict...
[INFO]: http://traffic.libsyn.com/h3h3roost/H3_Podcast_Jordan_Peterson_Number_2_AUDIO_01_February_2018_-_02-48-54_PM.mp3?dest-id=556650 added to dict...
[INFO]: http://traffic.libsyn.com/h3h3roost/H3_Podcast_-_Marques_Brownlee_AUDIO_-_24_January_2018_-_06-52-06_PM.mp3?dest-id=556650 added to dict...
[INFO]: http://traffic.libsyn.com/h3h3roost/H3_Podcast_Jacksfilms_and_Erik_ICE_AUDIO__-_19_January_2018_-_02-51-46_PM.mp3?dest-id=556650 added to dict...
[INFO]: http://traffic.libsyn.com/h3h3roost/H3_Podcast_Jake_and_Logan_Paul_Merch_AUDIO_29_December_2017_-_02-54-44_PM.mp3?dest-id=556650 added to dict...
[INFO]: http://traffic.libsyn.com/h3h3roost/H3_Podcast_PLAYERUNKNOWN_AUDIO_-_20_December_2017_-_02-35-59_PM.mp3?dest-id=556650 added to dict...
[INFO]: http://traffic.libsyn.com/h3h3roost/H3_Podcast_Vsauce_AUDIO_-_15_December_2017_-_02-54-30_PM.mp3?dest-id=556650 added to dict...
[INFO]: http://traffic.libsyn.com/h3h3roost/H3_Podcast_Philip_DeFranco_2_AUDIO_-_08_December_2017_-_02-50-24_PM.mp3?dest-id=556650 added to dict...
[INFO]: http://traffic.libsyn.com/h3h3roost/H3_Podcast_JonTron_AUDIO_-_29_November_2017_-_03-10-50_PM.mp3?dest-id=556650 added to dict...
[INFO]: http://traffic.libsyn.com/h3h3roost/H3_Podcast_Black_Friday_AUDIO_-_24_November_2017_-_02-49-55_PM.mp3?dest-id=556650 added to dict...
[INFO]: http://traffic.libsyn.com/h3h3roost/H3_Podcast_-_Top_of_the_Month_with_Post_Malone_AUDIO_-_17_November_2017_-_02-59-54_PM.mp3?dest-id=556650 added to dict...
[INFO]: http://traffic.libsyn.com/h3h3roost/H3_Podcast_-_Hila_Klein_AUDIO_-_10_November_2017_-_03-01-41_PM.mp3?dest-id=556650 added to dict...
[INFO]: http://traffic.libsyn.com/h3h3roost/H3_Podcast_Jordan_Peterson_AUDIO_ONLY_-_02_November_2017_-_02-53-00_PM.mp3?dest-id=556650 added to dict...
[INFO]: http://traffic.libsyn.com/h3h3roost/H3_Podcast_Dr_Disrespect_AUDIO_-_27_October_2017_-_03-12-38_PM_1.mp3?dest-id=556650 added to dict...
[INFO]: http://traffic.libsyn.com/h3h3roost/H3_Podcast_-_TB_AUDIO_VERSION_20_October_2017_-_03-00-33_PM.mp3?dest-id=556650 added to dict...
[INFO]: http://traffic.libsyn.com/h3h3roost/H3_Podcast_Dunkey_and_Leah_AUDIO_10_October_2017_-_03-05-40_PM.mp3?dest-id=556650 added to dict...
[INFO]: http://traffic.libsyn.com/h3h3roost/Tai_Lopez_Audio_-_03_October_2017_-_02-53-34_PM.mp3?dest-id=556650 added to dict...
[INFO]: http://traffic.libsyn.com/h3h3roost/H3_Podcast_Bradberry_AUDIO_-_29_September_2017_-_02-59-24_PM.mp3?dest-id=556650 added to dict...
[INFO]: http://traffic.libsyn.com/h3h3roost/H3_Podcast_Top_Of_The_Week_and_Payday_AUDIO_-_26_September_2017_-_02-50-04_PM.mp3?dest-id=556650 added to dict...
[INFO]: http://traffic.libsyn.com/h3h3roost/H3_Podcast_AUDIO_Ethan_Solo_-_22_September_2017_-_02-40-44_PM.mp3?dest-id=556650 added to dict...
[INFO]: http://traffic.libsyn.com/h3h3roost/Jack_and_Erik_Audio_-_15_September_2017_-_02-49-41_PM_1.mp3?dest-id=556650 added to dict...
[INFO]: http://traffic.libsyn.com/h3h3roost/PewDiePie_Drops_The_N_Bomb_AUDIO_EXPORT_-_12_September_2017_-_02-49-07_PM_1.mp3?dest-id=556650 added to dict...
[INFO]: http://traffic.libsyn.com/h3h3roost/H3_Podcast_Audio_Export-_08_September_2017_-_02-35-07_PM_1.mp3?dest-id=556650 added to dict...
[INFO]: http://traffic.libsyn.com/h3h3roost/H3_Podcast_-_Charity_Fundraiser_-_05_September_2017_-_02-39-14_PM.mp3?dest-id=556650 added to dict...
[INFO]: http://traffic.libsyn.com/h3h3roost/H3_PODCAST_AUDIO_EXPORT_9-1-17_v3.mp3?dest-id=556650 added to dict...
[INFO]: http://traffic.libsyn.com/h3h3roost/H3_PODCAST_AUDIO_EXPORT_8-24-17.mp3?dest-id=556650 added to dict...
[INFO]: http://traffic.libsyn.com/h3h3roost/PODCAST_AUDIO_8-22-17.mp3?dest-id=556650 added to dict...
[INFO]: http://traffic.libsyn.com/h3h3roost/H3_Podcast_-_Jake_Paul_and_Chris_Wolfe_-_8_18_17.mp3?dest-id=556650 added to dict...
[INFO]: http://traffic.libsyn.com/h3h3roost/H3_Podcast_AUDIO_EXPORT_-_16_August_2017_-_11-26-26_AM_1.mp3?dest-id=556650 added to dict...
[INFO]: http://traffic.libsyn.com/h3h3roost/Jimmie_Lee_-_AUDIO_EXPORT.mp3?dest-id=556650 added to dict...
[INFO]: http://traffic.libsyn.com/h3h3roost/Jesse_Welens_Podcast_Audio.mp3?dest-id=556650 added to dict...
[INFO]: http://traffic.libsyn.com/h3h3roost/HughMungus_final_audio.mp3?dest-id=556650 added to dict...
[INFO]: http://traffic.libsyn.com/h3h3roost/COMMENT_AND_JACKSFILMS_-_21_July_2017_-_02-35-34_PM.mp3?dest-id=556650 added to dict...
[INFO]: http://traffic.libsyn.com/h3h3roost/Net_Neutrality_-_14_July_2017_AUDIO_PODCAST.mp3?dest-id=556650 added to dict...
[INFO]: http://traffic.libsyn.com/h3h3roost/top_of_the_month_audio_only.mp3?dest-id=556650 added to dict...
[INFO]: http://traffic.libsyn.com/h3h3roost/SOFLO_-_audio_only.mp3?dest-id=556650 added to dict...
[INFO]: http://traffic.libsyn.com/h3h3roost/Boogie_H3H3_Podcast_audio_only_smaller_size.mp3?dest-id=556650 added to dict...
[INFO]: http://traffic.libsyn.com/h3h3roost/STEVEO_-_audio_only_export.mp3?dest-id=556650 added to dict...
[INFO]: http://traffic.libsyn.com/h3h3roost/The_Fam_-_audio_export.mp3?dest-id=556650 added to dict...
[INFO]: http://traffic.libsyn.com/h3h3roost/top_of_the_month_FINAL_reEXPORT.mp3?dest-id=556650 added to dict...
[INFO]: http://traffic.libsyn.com/h3h3roost/joey_salads_full_ep.mp3?dest-id=556650 added to dict...
[INFO]: http://traffic.libsyn.com/h3h3roost/audio_mark_and_smosh.mp3?dest-id=556650 added to dict...
[INFO]: http://traffic.libsyn.com/h3h3roost/H3_Podcast_7_-_Post_Malone_Joji_audio_export.mp3?dest-id=556650 added to dict...
[INFO]: http://traffic.libsyn.com/h3h3roost/philip_defranco_audio_only.mp3?dest-id=556650 added to dict...
[INFO]: Running file ~/main/app.py:
[INFO]: app.py started:
[INFO]: getInfo started...
[INFO]: Audio mediatype selected...
[DEBUG]: getAudio started:
[ERROR]: Error in getYoutube:
Traceback (most recent call last):
  File "app.py", line 70, in getAudio
    xml = requests.get(link).text
  File "/usr/local/lib/python3.5/dist-packages/requests/api.py", line 75, in get
    return request('get', url, params=params, **kwargs)
  File "/usr/local/lib/python3.5/dist-packages/requests/api.py", line 60, in request
    return session.request(method=method, url=url, **kwargs)
  File "/usr/local/lib/python3.5/dist-packages/requests/sessions.py", line 519, in request
    prep = self.prepare_request(req)
  File "/usr/local/lib/python3.5/dist-packages/requests/sessions.py", line 462, in prepare_request
    hooks=merge_hooks(request.hooks, self.hooks),
  File "/usr/local/lib/python3.5/dist-packages/requests/models.py", line 313, in prepare
    self.prepare_url(url, params)
  File "/usr/local/lib/python3.5/dist-packages/requests/models.py", line 387, in prepare_url
    raise MissingSchema(error)
requests.exceptions.MissingSchema: Invalid URL "log.info('Found %s mp3 files in XML' % str(len(mp3dict)))": No schema supplied. Perhaps you meant http://log.info('Found %s mp3 files in XML' % str(len(mp3dict)))?
[INFO]: Running file ~/main/app.py:
[INFO]: app.py started:
[INFO]: getInfo started...
[INFO]: Audio mediatype selected...
[DEBUG]: getAudio started:
[INFO]: Found 100 files in XML
[INFO]: h3h3 json list created...
[INFO]: Running file ~/main/app.py:
[INFO]: app.py started:
[INFO]: getInfo started...
[INFO]: Audio mediatype selected...
[DEBUG]: getAudio started:
[INFO]: Running file ~/main/app.py:
[INFO]: app.py started:
[INFO]: getInfo started...
[INFO]: Audio mediatype selected...
[DEBUG]: getAudio started:
[WARNING]: http://traffic.libsyn.com/joeroganexp/joecast16.MP3?dest-id=19997 is not an audio file, and will be skipped...
[INFO]: Found 1377 files in XML
[INFO]: joeroganpodcast json list created...
